<html>
<head>
<title>TestNG:  Default test</title>
<link href="../testng.css" rel="stylesheet" type="text/css" />
<link href="../my-testng.css" rel="stylesheet" type="text/css" />

<style type="text/css">
.log { display: none;} 
.stack-trace { display: none;} 
</style>
<script type="text/javascript">
<!--
function flip(e) {
  current = e.style.display;
  if (current == 'block') {
    e.style.display = 'none';
    return 0;
  }
  else {
    e.style.display = 'block';
    return 1;
  }
}

function toggleBox(szDivId, elem, msg1, msg2)
{
  var res = -1;  if (document.getElementById) {
    res = flip(document.getElementById(szDivId));
  }
  else if (document.all) {
    // this is the way old msie versions work
    res = flip(document.all[szDivId]);
  }
  if(elem) {
    if(res == 0) elem.innerHTML = msg1; else elem.innerHTML = msg2;
  }

}

function toggleAllBoxes() {
  if (document.getElementsByTagName) {
    d = document.getElementsByTagName('div');
    for (i = 0; i < d.length; i++) {
      if (d[i].className == 'log') {
        flip(d[i]);
      }
    }
  }
}

// -->
</script>

</head>
<body>
<h2 align='center'>Default test</h2><table border='1' align="center">
<tr>
<td>Tests passed/Failed/Skipped:</td><td>2/3/0</td>
</tr><tr>
<td>Started on:</td><td>Thu Jun 26 03:39:02 EDT 2025</td>
</tr>
<tr><td>Total time:</td><td>2 seconds (2212 ms)</td>
</tr><tr>
<td>Included groups:</td><td></td>
</tr><tr>
<td>Excluded groups:</td><td></td>
</tr>
</table><p/>
<small><i>(Hover the method name to see the test class name)</i></small><p/>
<table width='100%' border='1' class='invocation-failed'>
<tr><td colspan='4' align='center'><b>FAILED TESTS</b></td></tr>
<tr><td><b>Test method</b></td>
<td><b>Attribute(s)</b></td>
<td width="30%"><b>Exception</b></td>
<td width="10%"><b>Time (seconds)</b></td>
<td><b>Instance</b></td>
</tr>
<tr>
<td title='CucumberOptions.TESTNGRunner.runScenario()'><b>runScenario</b><br>Test class: CucumberOptions.TESTNGRunner<br>Test method: Runs Cucumber Scenarios<br>Parameters: "Mortage Customer Page Login", "Application Login"</td>
<td><div><pre>java.lang.AssertionError: expected [true] but found [false]
	at org.testng.Assert.fail(Assert.java:110)
	at org.testng.Assert.failNotEquals(Assert.java:1413)
	at org.testng.Assert.assertTrue(Assert.java:56)
	at org.testng.Assert.assertTrue(Assert.java:66)
	at StepDefinitionFiles.Login_feature_Steps.user_is_on_net_banking_landing_page(Login_feature_Steps.java:17)
	at ?.User is on NetBanking LandingPage(file:///D:/S_Selenium/Projects/Cucumber/src/test/java/Features/1stfeaturefile.feature:30)
</pre></div><a href='#' onClick='toggleBox("stack-trace353206468", this, "Click to show all stack frames", "Click to hide stack frames")'>Click to show all stack frames</a>
<div class='stack-trace' id='stack-trace353206468'><pre>java.lang.AssertionError: expected [true] but found [false]
	at org.testng.Assert.fail(Assert.java:110)
	at org.testng.Assert.failNotEquals(Assert.java:1413)
	at org.testng.Assert.assertTrue(Assert.java:56)
	at org.testng.Assert.assertTrue(Assert.java:66)
	at StepDefinitionFiles.Login_feature_Steps.user_is_on_net_banking_landing_page(Login_feature_Steps.java:17)
	at ?.User is on NetBanking LandingPage(file:///D:/S_Selenium/Projects/Cucumber/src/test/java/Features/1stfeaturefile.feature:30)
</pre></div></td>
<td>0</td>
<td>CucumberOptions.TESTNGRunner@1b11171f</td></tr>
<tr>
<td title='CucumberOptions.TESTNGRunner.runScenario()'><b>runScenario</b><br>Test class: CucumberOptions.TESTNGRunner<br>Test method: Runs Cucumber Scenarios<br>Parameters: "Mortage Customer Page Login", "Application Login"</td>
<td><div><pre>java.lang.AssertionError: expected [true] but found [false]
	at org.testng.Assert.fail(Assert.java:110)
	at org.testng.Assert.failNotEquals(Assert.java:1413)
	at org.testng.Assert.assertTrue(Assert.java:56)
	at org.testng.Assert.assertTrue(Assert.java:66)
	at StepDefinitionFiles.Login_feature_Steps.user_is_on_net_banking_landing_page(Login_feature_Steps.java:17)
	at ?.User is on NetBanking LandingPage(file:///D:/S_Selenium/Projects/Cucumber/src/test/java/Features/1stfeaturefile.feature:30)
</pre></div><a href='#' onClick='toggleBox("stack-trace200744172", this, "Click to show all stack frames", "Click to hide stack frames")'>Click to show all stack frames</a>
<div class='stack-trace' id='stack-trace200744172'><pre>java.lang.AssertionError: expected [true] but found [false]
	at org.testng.Assert.fail(Assert.java:110)
	at org.testng.Assert.failNotEquals(Assert.java:1413)
	at org.testng.Assert.assertTrue(Assert.java:56)
	at org.testng.Assert.assertTrue(Assert.java:66)
	at StepDefinitionFiles.Login_feature_Steps.user_is_on_net_banking_landing_page(Login_feature_Steps.java:17)
	at ?.User is on NetBanking LandingPage(file:///D:/S_Selenium/Projects/Cucumber/src/test/java/Features/1stfeaturefile.feature:30)
</pre></div></td>
<td>0</td>
<td>CucumberOptions.TESTNGRunner@1b11171f</td></tr>
<tr>
<td title='CucumberOptions.TESTNGRunner.runScenario()'><b>runScenario</b><br>Test class: CucumberOptions.TESTNGRunner<br>Test method: Runs Cucumber Scenarios<br>Parameters: "Mortage Customer Page Login", "Application Login"</td>
<td><div><pre>java.lang.AssertionError: expected [true] but found [false]
	at org.testng.Assert.fail(Assert.java:110)
	at org.testng.Assert.failNotEquals(Assert.java:1413)
	at org.testng.Assert.assertTrue(Assert.java:56)
	at org.testng.Assert.assertTrue(Assert.java:66)
	at StepDefinitionFiles.Login_feature_Steps.user_is_on_net_banking_landing_page(Login_feature_Steps.java:17)
	at ?.User is on NetBanking LandingPage(file:///D:/S_Selenium/Projects/Cucumber/src/test/java/Features/1stfeaturefile.feature:30)
</pre></div><a href='#' onClick='toggleBox("stack-trace1238994373", this, "Click to show all stack frames", "Click to hide stack frames")'>Click to show all stack frames</a>
<div class='stack-trace' id='stack-trace1238994373'><pre>java.lang.AssertionError: expected [true] but found [false]
	at org.testng.Assert.fail(Assert.java:110)
	at org.testng.Assert.failNotEquals(Assert.java:1413)
	at org.testng.Assert.assertTrue(Assert.java:56)
	at org.testng.Assert.assertTrue(Assert.java:66)
	at StepDefinitionFiles.Login_feature_Steps.user_is_on_net_banking_landing_page(Login_feature_Steps.java:17)
	at ?.User is on NetBanking LandingPage(file:///D:/S_Selenium/Projects/Cucumber/src/test/java/Features/1stfeaturefile.feature:30)
</pre></div></td>
<td>0</td>
<td>CucumberOptions.TESTNGRunner@1b11171f</td></tr>
</table><p>
<table width='100%' border='1' class='invocation-passed'>
<tr><td colspan='4' align='center'><b>PASSED TESTS</b></td></tr>
<tr><td><b>Test method</b></td>
<td><b>Attribute(s)</b></td>
<td width="30%"><b>Exception</b></td>
<td width="10%"><b>Time (seconds)</b></td>
<td><b>Instance</b></td>
</tr>
<tr>
<td title='CucumberOptions.TESTNGRunner.runScenario()'><b>runScenario</b><br>Test class: CucumberOptions.TESTNGRunner<br>Test method: Runs Cucumber Scenarios<br>Parameters: "User page SignUp", "Application Login"</td>
<td></td>
<td>0</td>
<td>CucumberOptions.TESTNGRunner@1b11171f</td></tr>
<tr>
<td title='CucumberOptions.TESTNGRunner.runScenario()'><b>runScenario</b><br>Test class: CucumberOptions.TESTNGRunner<br>Test method: Runs Cucumber Scenarios<br>Parameters: "User page SignUp", "Application Login"</td>
<td></td>
<td>0</td>
<td>CucumberOptions.TESTNGRunner@1b11171f</td></tr>
</table><p>
</body>
</html>