<?xml version="1.0" encoding="UTF-8"?>
<!-- Generated by org.testng.reporters.JUnitReportReporter -->
<testsuite hostname="usa0300vm3739" failures="3" tests="5" name="CucumberOptions.TESTNGRunner" time="0.607" errors="0" timestamp="2025-06-26T03:39:05 EDT" skipped="0">
  <testcase classname="CucumberOptions.TESTNGRunner" name="runScenario" time="0.028"/>
  <system-out/>
  <testcase classname="CucumberOptions.TESTNGRunner" name="runScenario" time="0.096"/>
  <system-out/>
  <testcase classname="CucumberOptions.TESTNGRunner" name="runScenario" time="0.314">
    <failure message="expected [true] but found [false]" type="java.lang.AssertionError">
      <![CDATA[java.lang.AssertionError: expected [true] but found [false]
at org.testng.Assert.fail(Assert.java:110)
at org.testng.Assert.failNotEquals(Assert.java:1413)
at org.testng.Assert.assertTrue(Assert.java:56)
at org.testng.Assert.assertTrue(Assert.java:66)
at StepDefinitionFiles.Login_feature_Steps.user_is_on_net_banking_landing_page(Login_feature_Steps.java:17)
at ✽.User is on NetBanking LandingPage(file:///D:/S_Selenium/Projects/Cucumber/src/test/java/Features/1stfeaturefile.feature:30)
]]>
    </failure>
  </testcase> <!-- runScenario -->
  <system-out/>
  <testcase classname="CucumberOptions.TESTNGRunner" name="runScenario" time="0.062">
    <failure message="expected [true] but found [false]" type="java.lang.AssertionError">
      <![CDATA[java.lang.AssertionError: expected [true] but found [false]
at org.testng.Assert.fail(Assert.java:110)
at org.testng.Assert.failNotEquals(Assert.java:1413)
at org.testng.Assert.assertTrue(Assert.java:56)
at org.testng.Assert.assertTrue(Assert.java:66)
at StepDefinitionFiles.Login_feature_Steps.user_is_on_net_banking_landing_page(Login_feature_Steps.java:17)
at ✽.User is on NetBanking LandingPage(file:///D:/S_Selenium/Projects/Cucumber/src/test/java/Features/1stfeaturefile.feature:30)
]]>
    </failure>
  </testcase> <!-- runScenario -->
  <system-out/>
  <testcase classname="CucumberOptions.TESTNGRunner" name="runScenario" time="0.107">
    <failure message="expected [true] but found [false]" type="java.lang.AssertionError">
      <![CDATA[java.lang.AssertionError: expected [true] but found [false]
at org.testng.Assert.fail(Assert.java:110)
at org.testng.Assert.failNotEquals(Assert.java:1413)
at org.testng.Assert.assertTrue(Assert.java:56)
at org.testng.Assert.assertTrue(Assert.java:66)
at StepDefinitionFiles.Login_feature_Steps.user_is_on_net_banking_landing_page(Login_feature_Steps.java:17)
at ✽.User is on NetBanking LandingPage(file:///D:/S_Selenium/Projects/Cucumber/src/test/java/Features/1stfeaturefile.feature:30)
]]>
    </failure>
  </testcase> <!-- runScenario -->
  <system-out/>
</testsuite> <!-- CucumberOptions.TESTNGRunner -->
